
[2019-07-24 08:13:29,355-xvideos_log-ERROR]:
[Error in exception_handling] msg: invalid literal for int() with base 10: 'exit'
Traceback (most recent call last):
  File "D:\计算机\Project\xvideos\exception_handling.py", line 23, in wrapper
    fn(*args, **kwargs)
  File "D:/计算机/Project/xvideos/down_group.py", line 123, in choice
    search_videos_pages()
  File "D:/计算机/Project/xvideos/down_group.py", line 33, in search_videos_pages
    for page in range(int(n)):
ValueError: invalid literal for int() with base 10: 'exit'

[2019-07-24 09:24:33,350-xvideos_log-ERROR]:
[Error in exception_handling] msg: [Errno 2] No such file or directory: 'TAG NAME.txt'
Traceback (most recent call last):
  File "D:\计算机\Project\xvideos\exception_handling.py", line 23, in wrapper
    fn(*args, **kwargs)
  File "D:/计算机/Project/xvideos/down_group.py", line 127, in choice
    tag_videos_pages()
  File "D:/计算机/Project/xvideos/down_group.py", line 82, in tag_videos_pages
    with open('TAG NAME.txt','r',encoding='utf-8') as f:
FileNotFoundError: [Errno 2] No such file or directory: 'TAG NAME.txt'

[2019-07-25 18:37:27,067-xvideos_log-ERROR]:
[Error in exception_handling] msg: [WinError 206] 文件名或扩展名太长。: 'E:\\仓殷禀阜\\xvideos\\03-最佳影片\\2019-02\\22 FAT LOADS CUMSHOT COMPILATION - Featuring Kimber Veils, Rosalyn Sphinx, Penny Pax, Karlie Montana, Dani Daniels, Abella Danger, Alexa Grace, August Ames, Stella Cox, Holly Mack, Phoenix Marie, Vandal Vyxen, Janic\\图片'
Traceback (most recent call last):
  File "D:\计算机\Project\xvideos\exception_handling.py", line 23, in wrapper
    fn(*args, **kwargs)
  File "D:/计算机/Project/xvideos/down_group.py", line 127, in choice
    best_videos_pages()
  File "D:/计算机/Project/xvideos/down_group.py", line 52, in best_videos_pages
    download_videos_of_one_page(url, os.path.join('03-最佳影片', data))    #视频文件夹保存在root_path/02-最佳影片/年月
  File "D:/计算机/Project/xvideos/down_group.py", line 25, in download_videos_of_one_page
    xvideos.download()
  File "D:\计算机\Project\xvideos\down_one.py", line 285, in download
    self.download_image()
  File "D:\计算机\Project\xvideos\down_one.py", line 151, in download_image
    os.makedirs(os.path.join(self.dir_path, '图片'))
  File "C:\CS\Anaconda3\lib\os.py", line 221, in makedirs
    mkdir(name, mode)
FileNotFoundError: [WinError 206] 文件名或扩展名太长。: 'E:\\仓殷禀阜\\xvideos\\03-最佳影片\\2019-02\\22 FAT LOADS CUMSHOT COMPILATION - Featuring Kimber Veils, Rosalyn Sphinx, Penny Pax, Karlie Montana, Dani Daniels, Abella Danger, Alexa Grace, August Ames, Stella Cox, Holly Mack, Phoenix Marie, Vandal Vyxen, Janic\\图片'

[2019-07-26 09:01:59,659-xvideos_log-ERROR]:
[Error in exception_handling] msg: invalid literal for int() with base 10: 'exit'
Traceback (most recent call last):
  File "D:\计算机\Project\xvideos\exception_handling.py", line 23, in wrapper
    fn(*args, **kwargs)
  File "D:/计算机/Project/xvideos/down_group.py", line 127, in choice
    best_videos_pages()
  File "D:/计算机/Project/xvideos/down_group.py", line 46, in best_videos_pages
    for page in range(int(n)):
ValueError: invalid literal for int() with base 10: 'exit'

[2019-08-02 14:44:17,410-xvideos_log-ERROR]:
[Error in exception_handling] msg: 'gbk' codec can't encode character '\uad00' in position 41: illegal multibyte sequence
Traceback (most recent call last):
  File "D:\计算机\Project\xvideos\exception_handling.py", line 23, in wrapper
    fn(*args, **kwargs)
  File "D:/计算机/Project/xvideos/down_some.py", line 17, in downloads
    xvideos.download()
  File "D:\计算机\Project\xvideos\down_one.py", line 290, in download
    self.download_video()
  File "D:\计算机\Project\xvideos\down_one.py", line 260, in download_video
    merge_ts_file.merge(self.ts_file_list, self.dir_path, self.title+'.ts')
  File "D:\计算机\Project\xvideos\merge_ts_file.py", line 70, in merge
    merge_less_100(ts_file_list[i*100:i*100+100], dir_path, 'new%d.ts'%i)
  File "D:\计算机\Project\xvideos\merge_ts_file.py", line 46, in merge_less_100
    f.write(command)
UnicodeEncodeError: 'gbk' codec can't encode character '\uad00' in position 41: illegal multibyte sequence

[2019-08-02 14:44:35,836-xvideos_log-ERROR]:
[Error in exception_handling] msg: 'gbk' codec can't encode character '\uad00' in position 41: illegal multibyte sequence
Traceback (most recent call last):
  File "D:\计算机\Project\xvideos\exception_handling.py", line 23, in wrapper
    fn(*args, **kwargs)
  File "D:/计算机/Project/xvideos/down_some.py", line 17, in downloads
    xvideos.download()
  File "D:\计算机\Project\xvideos\down_one.py", line 290, in download
    self.download_video()
  File "D:\计算机\Project\xvideos\down_one.py", line 260, in download_video
    merge_ts_file.merge(self.ts_file_list, self.dir_path, self.title+'.ts')
  File "D:\计算机\Project\xvideos\merge_ts_file.py", line 70, in merge
    merge_less_100(ts_file_list[i*100:i*100+100], dir_path, 'new%d.ts'%i)
  File "D:\计算机\Project\xvideos\merge_ts_file.py", line 46, in merge_less_100
    f.write(command)
UnicodeEncodeError: 'gbk' codec can't encode character '\uad00' in position 41: illegal multibyte sequence

[2019-08-02 14:45:25,324-xvideos_log-ERROR]:
[Error in exception_handling] msg: 'encodoing' is an invalid keyword argument for open()
Traceback (most recent call last):
  File "D:\计算机\Project\xvideos\exception_handling.py", line 23, in wrapper
    fn(*args, **kwargs)
  File "D:/计算机/Project/xvideos/down_some.py", line 17, in downloads
    xvideos.download()
  File "D:\计算机\Project\xvideos\down_one.py", line 290, in download
    self.download_video()
  File "D:\计算机\Project\xvideos\down_one.py", line 260, in download_video
    merge_ts_file.merge(self.ts_file_list, self.dir_path, self.title+'.ts')
  File "D:\计算机\Project\xvideos\merge_ts_file.py", line 70, in merge
    merge_less_100(ts_file_list[i*100:i*100+100], dir_path, 'new%d.ts'%i)
  File "D:\计算机\Project\xvideos\merge_ts_file.py", line 45, in merge_less_100
    with open('1.txt','w',encodoing='utf-8') as f:
TypeError: 'encodoing' is an invalid keyword argument for open()

[2019-08-02 15:10:49,004-xvideos_log-ERROR]:
[Error in exception_handling] msg: name 'utf' is not defined
Traceback (most recent call last):
  File "D:\计算机\Project\xvideos\exception_handling.py", line 23, in wrapper
    fn(*args, **kwargs)
  File "D:/计算机/Project/xvideos/down_some.py", line 17, in downloads
    xvideos.download()
  File "D:\计算机\Project\xvideos\down_one.py", line 290, in download
    self.download_video()
  File "D:\计算机\Project\xvideos\down_one.py", line 260, in download_video
    merge_ts_file.merge(self.ts_file_list, self.dir_path, self.title+'.ts')
  File "D:\计算机\Project\xvideos\merge_ts_file.py", line 73, in merge
    merge_less_100(ts_file_list[i*100:i*100+100], dir_path, 'new%d.ts'%i)
  File "D:\计算机\Project\xvideos\merge_ts_file.py", line 42, in merge_less_100
    command += '%s -i "concat:%s" -y -loglevel quiet -acodec copy -vcodec copy -crf 0 "%s" & '%(ffmpeg_path,input_file,output_file.encode(utf-8))    #使用ffmpeg将ts合并为mp4
NameError: name 'utf' is not defined

[2019-08-02 15:11:31,854-xvideos_log-ERROR]:
[Error in exception_handling] msg: name 'outputfile' is not defined
Traceback (most recent call last):
  File "D:\计算机\Project\xvideos\exception_handling.py", line 23, in wrapper
    fn(*args, **kwargs)
  File "D:/计算机/Project/xvideos/down_some.py", line 17, in downloads
    xvideos.download()
  File "D:\计算机\Project\xvideos\down_one.py", line 290, in download
    self.download_video()
  File "D:\计算机\Project\xvideos\down_one.py", line 260, in download_video
    merge_ts_file.merge(self.ts_file_list, self.dir_path, self.title+'.ts')
  File "D:\计算机\Project\xvideos\merge_ts_file.py", line 73, in merge
    merge_less_100(ts_file_list[i*100:i*100+100], dir_path, 'new%d.ts'%i)
  File "D:\计算机\Project\xvideos\merge_ts_file.py", line 45, in merge_less_100
    command += '& ren "%s" "%s"' % (outputfile.encode('utf-8'), output_file)
NameError: name 'outputfile' is not defined

[2019-08-02 15:38:53,485-xvideos_log-ERROR]:
[Error in exception_handling] msg: unknown encoding: unicode
Traceback (most recent call last):
  File "D:\计算机\Project\xvideos\exception_handling.py", line 23, in wrapper
    fn(*args, **kwargs)
  File "D:/计算机/Project/xvideos/down_some.py", line 17, in downloads
    xvideos.download()
  File "D:\计算机\Project\xvideos\down_one.py", line 290, in download
    self.download_video()
  File "D:\计算机\Project\xvideos\down_one.py", line 260, in download_video
    merge_ts_file.merge(self.ts_file_list, self.dir_path, self.title+'.ts')
  File "D:\计算机\Project\xvideos\merge_ts_file.py", line 74, in merge
    merge_less_100(ts_file_list[i*100:i*100+100], dir_path, 'new%d.ts'%i)
  File "D:\计算机\Project\xvideos\merge_ts_file.py", line 46, in merge_less_100
    command = command.encode('unicode')
LookupError: unknown encoding: unicode

[2019-08-02 15:49:50,398-xvideos_log-ERROR]:
[Error in exception_handling] msg: 'str' object has no attribute 'base64'
Traceback (most recent call last):
  File "D:\计算机\Project\xvideos\exception_handling.py", line 23, in wrapper
    fn(*args, **kwargs)
  File "D:/计算机/Project/xvideos/down_some.py", line 17, in downloads
    xvideos.download()
  File "D:\计算机\Project\xvideos\down_one.py", line 290, in download
    self.download_video()
  File "D:\计算机\Project\xvideos\down_one.py", line 260, in download_video
    merge_ts_file.merge(self.ts_file_list, self.dir_path, self.title+'.ts')
  File "D:\计算机\Project\xvideos\merge_ts_file.py", line 75, in merge
    merge_less_100(ts_file_list[i*100:i*100+100], dir_path, 'new%d.ts'%i)
  File "D:\计算机\Project\xvideos\merge_ts_file.py", line 44, in merge_less_100
    command += '%s -i "concat:%s" -y -loglevel quiet -acodec copy -vcodec copy -crf 0 "%s" & '%(ffmpeg_path,input_file,output_file.base64.b64encode())    #使用ffmpeg将ts合并为mp4
AttributeError: 'str' object has no attribute 'base64'

[2019-08-02 15:52:19,276-xvideos_log-ERROR]:
[Error in exception_handling] msg: 'str' object has no attribute 'base64'
Traceback (most recent call last):
  File "D:\计算机\Project\xvideos\exception_handling.py", line 23, in wrapper
    fn(*args, **kwargs)
  File "D:/计算机/Project/xvideos/down_some.py", line 17, in downloads
    xvideos.download()
  File "D:\计算机\Project\xvideos\down_one.py", line 290, in download
    self.download_video()
  File "D:\计算机\Project\xvideos\down_one.py", line 260, in download_video
    merge_ts_file.merge(self.ts_file_list, self.dir_path, self.title+'.ts')
  File "D:\计算机\Project\xvideos\merge_ts_file.py", line 75, in merge
    merge_less_100(ts_file_list[i*100:i*100+100], dir_path, 'new%d.ts'%i)
  File "D:\计算机\Project\xvideos\merge_ts_file.py", line 44, in merge_less_100
    command += '%s -i "concat:%s" -y -loglevel quiet -acodec copy -vcodec copy -crf 0 "%s" & '%(ffmpeg_path,input_file,output_file.base64.b64encode())    #使用ffmpeg将ts合并为mp4
AttributeError: 'str' object has no attribute 'base64'

[2019-08-02 15:53:20,056-xvideos_log-ERROR]:
[Error in exception_handling] msg: a bytes-like object is required, not 'str'
Traceback (most recent call last):
  File "D:\计算机\Project\xvideos\exception_handling.py", line 23, in wrapper
    fn(*args, **kwargs)
  File "D:/计算机/Project/xvideos/down_some.py", line 17, in downloads
    xvideos.download()
  File "D:\计算机\Project\xvideos\down_one.py", line 290, in download
    self.download_video()
  File "D:\计算机\Project\xvideos\down_one.py", line 260, in download_video
    merge_ts_file.merge(self.ts_file_list, self.dir_path, self.title+'.ts')
  File "D:\计算机\Project\xvideos\merge_ts_file.py", line 75, in merge
    merge_less_100(ts_file_list[i*100:i*100+100], dir_path, 'new%d.ts'%i)
  File "D:\计算机\Project\xvideos\merge_ts_file.py", line 44, in merge_less_100
    command += '%s -i "concat:%s" -y -loglevel quiet -acodec copy -vcodec copy -crf 0 "%s" & '%(ffmpeg_path,input_file,base64.b64encode(output_file))    #使用ffmpeg将ts合并为mp4
  File "C:\CS\Anaconda3\lib\base64.py", line 58, in b64encode
    encoded = binascii.b2a_base64(s, newline=False)
TypeError: a bytes-like object is required, not 'str'

[2019-08-02 16:13:36,379-xvideos_log-ERROR]:
[Error in exception_handling] msg: a bytes-like object is required, not 'str'
Traceback (most recent call last):
  File "D:\计算机\Project\xvideos\exception_handling.py", line 23, in wrapper
    fn(*args, **kwargs)
  File "D:/计算机/Project/xvideos/down_some.py", line 18, in downloads
    xvideos.download()
  File "D:\计算机\Project\xvideos\down_one.py", line 290, in download
    self.download_video()
  File "D:\计算机\Project\xvideos\down_one.py", line 260, in download_video
    merge_ts_file.merge(self.ts_file_list, self.dir_path, self.title+'.ts')
  File "D:\计算机\Project\xvideos\merge_ts_file.py", line 75, in merge
    merge_less_100(ts_file_list[i*100:i*100+100], dir_path, 'new%d.ts'%i)
  File "D:\计算机\Project\xvideos\merge_ts_file.py", line 44, in merge_less_100
    command += '%s -i "concat:%s" -y -loglevel quiet -acodec copy -vcodec copy -crf 0 "%s" & '%(ffmpeg_path,input_file,output_file.encode('utf-8').replace('\\','%'))    #使用ffmpeg将ts合并为mp4
TypeError: a bytes-like object is required, not 'str'

[2019-08-02 18:18:06,629-xvideos_log-ERROR]:
[Error in exception_handling] msg: list index out of range
Traceback (most recent call last):
  File "D:\计算机\Project\xvideos\exception_handling.py", line 23, in wrapper
    fn(*args, **kwargs)
  File "D:/计算机/Project/xvideos/down_group.py", line 127, in choice
    best_videos_pages()
  File "D:/计算机/Project/xvideos/down_group.py", line 52, in best_videos_pages
    download_videos_of_one_page(url, os.path.join('03-最佳影片', data))    #视频文件夹保存在root_path/02-最佳影片/年月
  File "D:/计算机/Project/xvideos/down_group.py", line 25, in download_videos_of_one_page
    xvideos.download()
  File "D:\计算机\Project\xvideos\down_one.py", line 292, in download
    self.download_video()
  File "D:\计算机\Project\xvideos\down_one.py", line 260, in download_video
    merge_ts_file.merge(self.ts_file_list, self.dir_path, self.title+'.ts')
  File "D:\计算机\Project\xvideos\merge_ts_file.py", line 83, in merge
    merge_less_100(new_ts_file_list, dir_path, name)
  File "D:\计算机\Project\xvideos\merge_ts_file.py", line 44, in merge_less_100
    if 'new' in ts_file_list[0]:    #ts视频数大于100的第二轮合并
IndexError: list index out of range

[2019-08-02 18:25:35,771-xvideos_log-ERROR]:
[Error in exception_handling] msg: list index out of range
Traceback (most recent call last):
  File "D:\计算机\Project\xvideos\exception_handling.py", line 23, in wrapper
    fn(*args, **kwargs)
  File "D:/计算机/Project/xvideos/down_group.py", line 127, in choice
    best_videos_pages()
  File "D:/计算机/Project/xvideos/down_group.py", line 52, in best_videos_pages
    download_videos_of_one_page(url, os.path.join('03-最佳影片', data))    #视频文件夹保存在root_path/02-最佳影片/年月
  File "D:/计算机/Project/xvideos/down_group.py", line 25, in download_videos_of_one_page
    xvideos.download()
  File "D:\计算机\Project\xvideos\down_one.py", line 292, in download
    self.download_video()
  File "D:\计算机\Project\xvideos\down_one.py", line 260, in download_video
    merge_ts_file.merge(self.ts_file_list, self.dir_path, self.title+'.ts')
  File "D:\计算机\Project\xvideos\merge_ts_file.py", line 83, in merge
    merge_less_100(new_ts_file_list, dir_path, name)
  File "D:\计算机\Project\xvideos\merge_ts_file.py", line 50, in merge_less_100
    if win_merge ==2 and 'new' in ts_file_list[0]:
IndexError: list index out of range

[2019-08-05 14:05:52,060-xvideos_log-ERROR]:
[Error in exception_handling] msg: invalid literal for int() with base 10: 'exit'
Traceback (most recent call last):
  File "D:\计算机\Project\xvideos\exception_handling.py", line 23, in wrapper
    fn(*args, **kwargs)
  File "D:/计算机/Project/xvideos/down_group.py", line 127, in choice
    best_videos_pages()
  File "D:/计算机/Project/xvideos/down_group.py", line 46, in best_videos_pages
    for page in range(int(n)):
ValueError: invalid literal for int() with base 10: 'exit'

[2019-08-05 14:18:25,706-xvideos_log-ERROR]:
[Error in exception_handling] msg: invalid literal for int() with base 10: ''
Traceback (most recent call last):
  File "D:\计算机\Project\xvideos\exception_handling.py", line 23, in wrapper
    fn(*args, **kwargs)
  File "D:/计算机/Project/xvideos/down_group.py", line 127, in choice
    best_videos_pages()
  File "D:/计算机/Project/xvideos/down_group.py", line 46, in best_videos_pages
    for page in range(int(n)):
ValueError: invalid literal for int() with base 10: ''

[2019-08-05 15:06:31,762-xvideos_log-ERROR]:
[Error in exception_handling] msg: 'gbk' codec can't encode character '\uac00' in position 39: illegal multibyte sequence
Traceback (most recent call last):
  File "D:\计算机\Project\xvideos\exception_handling.py", line 23, in wrapper
    fn(*args, **kwargs)
  File "D:/计算机/Project/xvideos/down_group.py", line 127, in choice
    best_videos_pages()
  File "D:/计算机/Project/xvideos/down_group.py", line 52, in best_videos_pages
    download_videos_of_one_page(url, os.path.join('03-最佳影片', data))    #视频文件夹保存在root_path/02-最佳影片/年月
  File "D:/计算机/Project/xvideos/down_group.py", line 25, in download_videos_of_one_page
    xvideos.download()
  File "D:\计算机\Project\xvideos\down_one.py", line 293, in download
    self.download_video()
  File "D:\计算机\Project\xvideos\down_one.py", line 260, in download_video
    merge_ts_file.merge(self.ts_file_list, self.dir_path, self.title+'.mp4')
  File "D:\计算机\Project\xvideos\merge_ts_file.py", line 89, in merge
    merge_less_100(ts_file_list[i*100:i*100+100], dir_path, 'new%d.ts'%i)
  File "D:\计算机\Project\xvideos\merge_ts_file.py", line 58, in merge_less_100
    f.write(command+'\n\n\n')
UnicodeEncodeError: 'gbk' codec can't encode character '\uac00' in position 39: illegal multibyte sequence

[2019-08-07 20:03:05,413-xvideos_log-ERROR]:
[Error in exception_handling] msg: 'NoneType' object has no attribute 'group'
Traceback (most recent call last):
  File "D:\计算机\Project\xvideos\exception_handling.py", line 23, in wrapper
    fn(*args, **kwargs)
  File "D:/计算机/Project/xvideos/down_group.py", line 128, in choice
    best_videos_pages()
  File "D:/计算机/Project/xvideos/down_group.py", line 53, in best_videos_pages
    download_videos_of_one_page(url, os.path.join('03-最佳影片', data))    #视频文件夹保存在root_path/02-最佳影片/年月
  File "D:/计算机/Project/xvideos/down_group.py", line 25, in download_videos_of_one_page
    xvideos.download()
  File "D:\计算机\Project\xvideos\down_one.py", line 291, in download
    self.download_image()
  File "D:\计算机\Project\xvideos\down_one.py", line 141, in download_image
    pic_base_url = content.group(1)
AttributeError: 'NoneType' object has no attribute 'group'

[2019-08-08 11:33:18,501-xvideos_log-ERROR]:
[Error in exception_handling] msg: invalid literal for int() with base 10: 'exit'
Traceback (most recent call last):
  File "D:\计算机\Project\xvideos\exception_handling.py", line 23, in wrapper
    fn(*args, **kwargs)
  File "D:/计算机/Project/xvideos/down_group.py", line 128, in choice
    best_videos_pages()
  File "D:/计算机/Project/xvideos/down_group.py", line 47, in best_videos_pages
    for page in range(int(n)):
ValueError: invalid literal for int() with base 10: 'exit'

[2019-08-10 19:30:30,334-xvideos_log-ERROR]:
[Error in exception_handling] msg: [WinError 3] 系统找不到指定的路径。: 'E:\\仓殷禀阜\\xvideos\\03-最佳影片\\2018-09\\REAL VIRGIN TEEN GIRL LOSES HER VIRGINITY AND CRYING \\图片'
Traceback (most recent call last):
  File "D:\计算机\Project\xvideos\exception_handling.py", line 23, in wrapper
    fn(*args, **kwargs)
  File "D:/计算机/Project/xvideos/down_group.py", line 129, in choice
    best_videos_pages()
  File "D:/计算机/Project/xvideos/down_group.py", line 54, in best_videos_pages
    download_videos_of_one_page(url, os.path.join('03-最佳影片', data))    #视频文件夹保存在root_path/02-最佳影片/年月
  File "D:/计算机/Project/xvideos/down_group.py", line 26, in download_videos_of_one_page
    xvideos.download()
  File "D:\计算机\Project\xvideos\down_one.py", line 291, in download
    self.download_image()
  File "D:\计算机\Project\xvideos\down_one.py", line 154, in download_image
    os.makedirs(os.path.join(self.dir_path, '图片'))
  File "C:\CS\Anaconda3\lib\os.py", line 221, in makedirs
    mkdir(name, mode)
FileNotFoundError: [WinError 3] 系统找不到指定的路径。: 'E:\\仓殷禀阜\\xvideos\\03-最佳影片\\2018-09\\REAL VIRGIN TEEN GIRL LOSES HER VIRGINITY AND CRYING \\图片'

[2019-08-10 20:03:27,122-xvideos_log-ERROR]:
[Error in exception_handling] msg: [WinError 3] 系统找不到指定的路径。: 'E:\\仓殷禀阜\\xvideos\\03-最佳影片\\2018-09\\REAL VIRGIN TEEN GIRL LOSES HER VIRGINITY AND CRYING \\图片'
Traceback (most recent call last):
  File "D:\计算机\Project\xvideos\exception_handling.py", line 23, in wrapper
    fn(*args, **kwargs)
  File "D:/计算机/Project/xvideos/down_group.py", line 129, in choice
    best_videos_pages()
  File "D:/计算机/Project/xvideos/down_group.py", line 54, in best_videos_pages
    download_videos_of_one_page(url, os.path.join('03-最佳影片', data))    #视频文件夹保存在root_path/02-最佳影片/年月
  File "D:/计算机/Project/xvideos/down_group.py", line 26, in download_videos_of_one_page
    xvideos.download()
  File "D:\计算机\Project\xvideos\down_one.py", line 293, in download
    self.download_image()
  File "D:\计算机\Project\xvideos\down_one.py", line 156, in download_image
    os.makedirs(os.path.join(self.dir_path, '图片'))
  File "C:\CS\Anaconda3\lib\os.py", line 221, in makedirs
    mkdir(name, mode)
FileNotFoundError: [WinError 3] 系统找不到指定的路径。: 'E:\\仓殷禀阜\\xvideos\\03-最佳影片\\2018-09\\REAL VIRGIN TEEN GIRL LOSES HER VIRGINITY AND CRYING \\图片'

[2019-08-10 21:56:34,562-xvideos_log-ERROR]:
[Error in exception_handling] msg: [WinError 3] 系统找不到指定的路径。: 'E:\\仓殷禀阜\\xvideos\\03-最佳影片\\2018-09\\REAL VIRGIN TEEN GIRL LOSES HER VIRGINITY AND CRYING \\图片'
Traceback (most recent call last):
  File "D:\计算机\Project\xvideos\exception_handling.py", line 23, in wrapper
    fn(*args, **kwargs)
  File "D:/计算机/Project/xvideos/down_group.py", line 129, in choice
    best_videos_pages()
  File "D:/计算机/Project/xvideos/down_group.py", line 54, in best_videos_pages
    download_videos_of_one_page(url, os.path.join('03-最佳影片', data))    #视频文件夹保存在root_path/02-最佳影片/年月
  File "D:/计算机/Project/xvideos/down_group.py", line 26, in download_videos_of_one_page
    xvideos.download()
  File "D:\计算机\Project\xvideos\down_one.py", line 293, in download
    self.download_image()
  File "D:\计算机\Project\xvideos\down_one.py", line 156, in download_image
    os.makedirs(os.path.join(self.dir_path, '图片'))
  File "C:\CS\Anaconda3\lib\os.py", line 221, in makedirs
    mkdir(name, mode)
FileNotFoundError: [WinError 3] 系统找不到指定的路径。: 'E:\\仓殷禀阜\\xvideos\\03-最佳影片\\2018-09\\REAL VIRGIN TEEN GIRL LOSES HER VIRGINITY AND CRYING \\图片'

[2020-05-16 22:25:07,464-xvideos_log-ERROR]:
[Error in exception_handling] msg: invalid literal for int() with base 10: ''
Traceback (most recent call last):
  File "D:\myCode\xvideos\exception_handling.py", line 23, in wrapper
    fn(*args, **kwargs)
  File "D:/myCode/xvideos/down_group.py", line 129, in choice
    best_videos_pages()
  File "D:/myCode/xvideos/down_group.py", line 48, in best_videos_pages
    for page in range(int(n)):
ValueError: invalid literal for int() with base 10: ''

[2020-05-17 00:55:33,261-xvideos_log-ERROR]:
[Error in exception_handling] msg: Couldn't find a tree builder with the features you requested: lxml. Do you need to install a parser library?
Traceback (most recent call last):
  File "D:\myCode\xvideos\exception_handling.py", line 23, in wrapper
    fn(*args, **kwargs)
  File "D:/myCode/xvideos/down_group.py", line 127, in choice
    search_videos_pages()
  File "D:/myCode/xvideos/down_group.py", line 41, in search_videos_pages
    download_videos_of_one_page(url, os.path.join('02-视频搜索', search_key))
  File "D:/myCode/xvideos/down_group.py", line 18, in download_videos_of_one_page
    soup = BeautifulSoup(html, 'lxml')
  File "C:\Users\hwr\AppData\Local\Programs\Python\Python38\lib\site-packages\bs4\__init__.py", line 225, in __init__
    raise FeatureNotFound(
bs4.FeatureNotFound: Couldn't find a tree builder with the features you requested: lxml. Do you need to install a parser library?

[2020-05-17 23:22:27,401-xvideos_log-ERROR]:
[Error in exception_handling] msg: list index out of range
Traceback (most recent call last):
  File "D:\myCode\xvideos\exception_handling.py", line 23, in wrapper
    fn(*args, **kwargs)
  File "D:/myCode/xvideos/down_group.py", line 131, in choice
    tag_videos_pages()
  File "D:/myCode/xvideos/down_group.py", line 100, in tag_videos_pages
    page2_url = tag_list[1]['href']
IndexError: list index out of range

[2020-05-17 23:23:48,173-xvideos_log-ERROR]:
[Error in exception_handling] msg: list index out of range
Traceback (most recent call last):
  File "D:\myCode\xvideos\exception_handling.py", line 23, in wrapper
    fn(*args, **kwargs)
  File "D:/myCode/xvideos/down_group.py", line 131, in choice
    tag_videos_pages()
  File "D:/myCode/xvideos/down_group.py", line 100, in tag_videos_pages
    page2_url = tag_list[1]['href']
IndexError: list index out of range

[2020-05-17 23:26:49,651-xvideos_log-ERROR]:
[Error in exception_handling] msg: list index out of range
Traceback (most recent call last):
  File "D:\myCode\xvideos\exception_handling.py", line 23, in wrapper
    fn(*args, **kwargs)
  File "D:/myCode/xvideos/down_group.py", line 131, in choice
    tag_videos_pages()
  File "D:/myCode/xvideos/down_group.py", line 100, in tag_videos_pages
    page2_url = tag_list[1]['href']
IndexError: list index out of range

[2020-05-17 23:30:34,597-xvideos_log-ERROR]:
[Error in exception_handling] msg: list index out of range
Traceback (most recent call last):
  File "D:\myCode\xvideos\exception_handling.py", line 23, in wrapper
    fn(*args, **kwargs)
  File "D:/myCode/xvideos/down_group.py", line 131, in choice
    tag_videos_pages()
  File "D:/myCode/xvideos/down_group.py", line 100, in tag_videos_pages
    page2_url = tag_list[1]['href']
IndexError: list index out of range

[2020-05-19 00:05:51,545-xvideos_log-ERROR]:
[Error in exception_handling] msg: 'NoneType' object has no attribute 'group'
Traceback (most recent call last):
  File "D:\myCode\xvideos\exception_handling.py", line 23, in wrapper
    fn(*args, **kwargs)
  File "D:/myCode/xvideos/down_group.py", line 127, in choice
    search_videos_pages()
  File "D:/myCode/xvideos/down_group.py", line 41, in search_videos_pages
    download_videos_of_one_page(url, os.path.join('02-视频搜索', search_key))
  File "D:/myCode/xvideos/down_group.py", line 26, in download_videos_of_one_page
    xvideos.download()
  File "D:\myCode\xvideos\down_one.py", line 319, in download
    self.download_video()
  File "D:\myCode\xvideos\down_one.py", line 228, in download_video
    m3u8_url = re.search(r"html5player\.setVideoHLS\('(.*?)'\);", self.html).group(1)  # 总的m3u8链接
AttributeError: 'NoneType' object has no attribute 'group'

[2020-05-19 00:07:07,428-xvideos_log-ERROR]:
[Error in exception_handling] msg: 'NoneType' object has no attribute 'group'
Traceback (most recent call last):
  File "D:\myCode\xvideos\exception_handling.py", line 23, in wrapper
    fn(*args, **kwargs)
  File "D:/myCode/xvideos/down_group.py", line 127, in choice
    search_videos_pages()
  File "D:/myCode/xvideos/down_group.py", line 41, in search_videos_pages
    download_videos_of_one_page(url, os.path.join('02-视频搜索', search_key))
  File "D:/myCode/xvideos/down_group.py", line 26, in download_videos_of_one_page
    xvideos.download()
  File "D:\myCode\xvideos\down_one.py", line 319, in download
    self.download_video()
  File "D:\myCode\xvideos\down_one.py", line 228, in download_video
    m3u8_url = re.search(r"html5player\.setVideoHLS\('(.*?)'\);", self.html).group(1)  # 总的m3u8链接
AttributeError: 'NoneType' object has no attribute 'group'

[2020-05-19 00:10:10,456-xvideos_log-ERROR]:
[Error in exception_handling] msg: 'NoneType' object has no attribute 'group'
Traceback (most recent call last):
  File "D:\myCode\xvideos\exception_handling.py", line 23, in wrapper
    fn(*args, **kwargs)
  File "D:/myCode/xvideos/down_group.py", line 127, in choice
    search_videos_pages()
  File "D:/myCode/xvideos/down_group.py", line 41, in search_videos_pages
    download_videos_of_one_page(url, os.path.join('02-视频搜索', search_key))
  File "D:/myCode/xvideos/down_group.py", line 26, in download_videos_of_one_page
    xvideos.download()
  File "D:\myCode\xvideos\down_one.py", line 319, in download
    self.download_video()
  File "D:\myCode\xvideos\down_one.py", line 228, in download_video
    m3u8_url = re.search(r"html5player\.setVideoHLS\('(.*?)'\);", self.html).group(1)  # 总的m3u8链接
AttributeError: 'NoneType' object has no attribute 'group'

[2020-05-19 08:17:32,400-xvideos_log-ERROR]:
[Error in exception_handling] msg: invalid literal for int() with base 10: "25'"
Traceback (most recent call last):
  File "D:\myCode\xvideos\exception_handling.py", line 23, in wrapper
    fn(*args, **kwargs)
  File "D:/myCode/xvideos/down_group.py", line 127, in choice
    search_videos_pages()
  File "D:/myCode/xvideos/down_group.py", line 35, in search_videos_pages
    for page in range(int(n)):
ValueError: invalid literal for int() with base 10: "25'"

[2020-05-19 13:44:46,477-xvideos_log-ERROR]:
[Error in exception_handling] msg: [Errno 2] No such file or directory: 'd:/my/video/newVideo\\02-视频搜索\\cos\\LaxSexcom - Japanese nurses handjobLaxSexcom - Japanese nurses handjob.mp4'
Traceback (most recent call last):
  File "C:\Users\hwr\AppData\Local\Programs\Python\Python38\lib\shutil.py", line 781, in move
    os.rename(src, real_dst)
FileNotFoundError: [WinError 2] 系统找不到指定的文件。: 'd:/my/video/newVideo\\02-视频搜索\\cos\\LaxSexcom - Japanese nurses handjobLaxSexcom - Japanese nurses handjob.mp4' -> 'D:\\my\\Video\\newVideo\\listLaxSexcom - Japanese nurses handjob.mp4'

During handling of the above exception, another exception occurred:

Traceback (most recent call last):
  File "D:\myCode\xvideos\exception_handling.py", line 23, in wrapper
    fn(*args, **kwargs)
  File "D:/myCode/xvideos/down_group.py", line 127, in choice
    search_videos_pages()
  File "D:/myCode/xvideos/down_group.py", line 41, in search_videos_pages
    download_videos_of_one_page(url, os.path.join('02-视频搜索', search_key))
  File "D:/myCode/xvideos/down_group.py", line 26, in download_videos_of_one_page
    xvideos.download()
  File "D:\myCode\xvideos\down_one.py", line 328, in download
    self.download_video()
  File "D:\myCode\xvideos\down_one.py", line 301, in download_video
    shutil.move(self.dir_path + self.title + '.mp4', mp4_path + self.title + '.mp4')
  File "C:\Users\hwr\AppData\Local\Programs\Python\Python38\lib\shutil.py", line 795, in move
    copy_function(src, real_dst)
  File "C:\Users\hwr\AppData\Local\Programs\Python\Python38\lib\shutil.py", line 426, in copy2
    copyfile(src, dst, follow_symlinks=follow_symlinks)
  File "C:\Users\hwr\AppData\Local\Programs\Python\Python38\lib\shutil.py", line 259, in copyfile
    with open(src, 'rb') as fsrc, open(dst, 'wb') as fdst:
FileNotFoundError: [Errno 2] No such file or directory: 'd:/my/video/newVideo\\02-视频搜索\\cos\\LaxSexcom - Japanese nurses handjobLaxSexcom - Japanese nurses handjob.mp4'

[2020-05-19 13:58:26,013-xvideos_log-ERROR]:
[Error in exception_handling] msg: [Errno 2] No such file or directory: 'd:/my/video/newVideo\\02-视频搜索\\cos\\HD-SDの康先生酒店s炮南航上海籍97年小空姐 zm制服／O品水嫩}莉唯美自慰～02\\information.txt'
Traceback (most recent call last):
  File "D:\myCode\xvideos\exception_handling.py", line 23, in wrapper
    fn(*args, **kwargs)
  File "D:/myCode/xvideos/down_group.py", line 127, in choice
    search_videos_pages()
  File "D:/myCode/xvideos/down_group.py", line 41, in search_videos_pages
    download_videos_of_one_page(url, os.path.join('02-视频搜索', search_key))
  File "D:/myCode/xvideos/down_group.py", line 26, in download_videos_of_one_page
    xvideos.download()
  File "D:\myCode\xvideos\down_one.py", line 329, in download
    self.write()
  File "D:\myCode\xvideos\down_one.py", line 315, in write
    with open(file_path, 'w', encoding='utf-8') as f:
FileNotFoundError: [Errno 2] No such file or directory: 'd:/my/video/newVideo\\02-视频搜索\\cos\\HD-SDの康先生酒店s炮南航上海籍97年小空姐 zm制服／O品水嫩}莉唯美自慰～02\\information.txt'

[2020-05-19 14:02:40,575-xvideos_log-ERROR]:
[Error in exception_handling] msg: [Errno 2] No such file or directory: 'd:/my/video/newVideo\\02-视频搜索\\COS\\Miku Hatsune Cosplay 008 download [httpsouoioYHjLzI] UncensoredMiku Hatsune Cosplay 008 download [httpsouoioYHjLzI] Uncensored.mp4'
Traceback (most recent call last):
  File "C:\Users\hwr\AppData\Local\Programs\Python\Python38\lib\shutil.py", line 781, in move
    os.rename(src, real_dst)
FileNotFoundError: [WinError 2] 系统找不到指定的文件。: 'd:/my/video/newVideo\\02-视频搜索\\COS\\Miku Hatsune Cosplay 008 download [httpsouoioYHjLzI] UncensoredMiku Hatsune Cosplay 008 download [httpsouoioYHjLzI] Uncensored.mp4' -> 'D:\\my\\Video\\newVideo\\list\\Miku Hatsune Cosplay 008 download [httpsouoioYHjLzI] UncensoredMiku Hatsune Cosplay 008 download [httpsouoioYHjLzI] Uncensored.mp4'

During handling of the above exception, another exception occurred:

Traceback (most recent call last):
  File "D:\myCode\xvideos\exception_handling.py", line 23, in wrapper
    fn(*args, **kwargs)
  File "D:/myCode/xvideos/down_group.py", line 127, in choice
    search_videos_pages()
  File "D:/myCode/xvideos/down_group.py", line 41, in search_videos_pages
    download_videos_of_one_page(url, os.path.join('02-视频搜索', search_key))
  File "D:/myCode/xvideos/down_group.py", line 26, in download_videos_of_one_page
    xvideos.download()
  File "D:\myCode\xvideos\down_one.py", line 328, in download
    self.download_video()
  File "D:\myCode\xvideos\down_one.py", line 301, in download_video
    shutil.move(self.dir_path + self.title + '.mp4', self.mp4_path)
  File "C:\Users\hwr\AppData\Local\Programs\Python\Python38\lib\shutil.py", line 795, in move
    copy_function(src, real_dst)
  File "C:\Users\hwr\AppData\Local\Programs\Python\Python38\lib\shutil.py", line 426, in copy2
    copyfile(src, dst, follow_symlinks=follow_symlinks)
  File "C:\Users\hwr\AppData\Local\Programs\Python\Python38\lib\shutil.py", line 259, in copyfile
    with open(src, 'rb') as fsrc, open(dst, 'wb') as fdst:
FileNotFoundError: [Errno 2] No such file or directory: 'd:/my/video/newVideo\\02-视频搜索\\COS\\Miku Hatsune Cosplay 008 download [httpsouoioYHjLzI] UncensoredMiku Hatsune Cosplay 008 download [httpsouoioYHjLzI] Uncensored.mp4'

[2020-05-19 17:54:29,923-xvideos_log-ERROR]:
[Error in exception_handling] msg: [Errno 2] No such file or directory: 'd:/my/video/newVideo\\02-视频搜索\\cos\\Miss Incredible BJ Who is She, Quien es ella , NAmeMiss Incredible BJ Who is She, Quien es ella , NAme.mp4'
Traceback (most recent call last):
  File "C:\Users\hwr\AppData\Local\Programs\Python\Python38\lib\shutil.py", line 781, in move
    os.rename(src, real_dst)
FileNotFoundError: [WinError 2] 系统找不到指定的文件。: 'd:/my/video/newVideo\\02-视频搜索\\cos\\Miss Incredible BJ Who is She, Quien es ella , NAmeMiss Incredible BJ Who is She, Quien es ella , NAme.mp4' -> 'D:\\my\\Video\\newVideo\\list\\Miss Incredible BJ Who is She, Quien es ella , NAmeMiss Incredible BJ Who is She, Quien es ella , NAme.mp4'

During handling of the above exception, another exception occurred:

Traceback (most recent call last):
  File "D:\myCode\xvideos\exception_handling.py", line 23, in wrapper
    fn(*args, **kwargs)
  File "D:/myCode/xvideos/down_group.py", line 127, in choice
    search_videos_pages()
  File "D:/myCode/xvideos/down_group.py", line 41, in search_videos_pages
    download_videos_of_one_page(url, os.path.join('02-视频搜索', search_key))
  File "D:/myCode/xvideos/down_group.py", line 26, in download_videos_of_one_page
    xvideos.download()
  File "D:\myCode\xvideos\down_one.py", line 328, in download
    self.download_video()
  File "D:\myCode\xvideos\down_one.py", line 301, in download_video
    shutil.move(self.dir_path + "/" + self.title + '.mp4', self.mp4_path)
  File "C:\Users\hwr\AppData\Local\Programs\Python\Python38\lib\shutil.py", line 795, in move
    copy_function(src, real_dst)
  File "C:\Users\hwr\AppData\Local\Programs\Python\Python38\lib\shutil.py", line 426, in copy2
    copyfile(src, dst, follow_symlinks=follow_symlinks)
  File "C:\Users\hwr\AppData\Local\Programs\Python\Python38\lib\shutil.py", line 259, in copyfile
    with open(src, 'rb') as fsrc, open(dst, 'wb') as fdst:
FileNotFoundError: [Errno 2] No such file or directory: 'd:/my/video/newVideo\\02-视频搜索\\cos\\Miss Incredible BJ Who is She, Quien es ella , NAmeMiss Incredible BJ Who is She, Quien es ella , NAme.mp4'

[2020-05-19 20:03:52,334-xvideos_log-ERROR]:
[Error in exception_handling] msg: Destination path 'D:\my\Video\newVideo\list\Lilcanadiangirl Pastel Girls [httpsouoiosLeNTk].mp4' already exists
Traceback (most recent call last):
  File "D:\myCode\xvideos\exception_handling.py", line 23, in wrapper
    fn(*args, **kwargs)
  File "D:/myCode/xvideos/down_group.py", line 127, in choice
    search_videos_pages()
  File "D:/myCode/xvideos/down_group.py", line 41, in search_videos_pages
    download_videos_of_one_page(url, os.path.join('02-视频搜索', search_key))
  File "D:/myCode/xvideos/down_group.py", line 26, in download_videos_of_one_page
    xvideos.download()
  File "D:\myCode\xvideos\down_one.py", line 328, in download
    # self.write()
  File "D:\myCode\xvideos\down_one.py", line 301, in download_video
    with open('SAVED.txt', 'a+', encoding='utf-8') as f:
  File "C:\Users\hwr\AppData\Local\Programs\Python\Python38\lib\shutil.py", line 779, in move
    raise Error("Destination path '%s' already exists" % real_dst)
shutil.Error: Destination path 'D:\my\Video\newVideo\list\Lilcanadiangirl Pastel Girls [httpsouoiosLeNTk].mp4' already exists

[2020-05-19 21:52:47,863-xvideos_log-ERROR]:
[Error in exception_handling] msg: submit expected at least 1 positional argument, got 0
Traceback (most recent call last):
  File "D:\myCode\xvideos\exception_handling.py", line 23, in wrapper
    fn(*args, **kwargs)
  File "D:/myCode/xvideos/down_group.py", line 127, in choice
    search_videos_pages()
  File "D:/myCode/xvideos/down_group.py", line 41, in search_videos_pages
    download_videos_of_one_page(url, os.path.join('02-视频搜索', search_key))
  File "D:/myCode/xvideos/down_group.py", line 26, in download_videos_of_one_page
    xvideos.download()
  File "D:\myCode\xvideos\down_one.py", line 347, in download
    self.download_video()
  File "D:\myCode\xvideos\down_one.py", line 284, in download_video
    self.pool.submit(target=self.thread_video1, kwargs={"ts_url": ts_url})
  File "C:\Users\hwr\AppData\Local\Programs\Python\Python38\lib\concurrent\futures\thread.py", line 171, in submit
    raise TypeError('submit expected at least 1 positional argument, '
TypeError: submit expected at least 1 positional argument, got 0

[2020-05-19 21:58:07,985-xvideos_log-ERROR]:
[Error in exception_handling] msg: submit expected at least 1 positional argument, got 0
Traceback (most recent call last):
  File "D:\myCode\xvideos\exception_handling.py", line 23, in wrapper
    fn(*args, **kwargs)
  File "D:/myCode/xvideos/down_group.py", line 127, in choice
    search_videos_pages()
  File "D:/myCode/xvideos/down_group.py", line 41, in search_videos_pages
    download_videos_of_one_page(url, os.path.join('02-视频搜索', search_key))
  File "D:/myCode/xvideos/down_group.py", line 26, in download_videos_of_one_page
    xvideos.download()
  File "D:\myCode\xvideos\down_one.py", line 347, in download
    self.download_video()
  File "D:\myCode\xvideos\down_one.py", line 284, in download_video
    self.pool.submit(target=self.thread_video1, kwargs={"ts_url": ts_url})
  File "C:\Users\hwr\AppData\Local\Programs\Python\Python38\lib\concurrent\futures\thread.py", line 171, in submit
    raise TypeError('submit expected at least 1 positional argument, '
TypeError: submit expected at least 1 positional argument, got 0

[2020-05-19 22:00:20,749-xvideos_log-ERROR]:
[Error in exception_handling] msg: submit expected at least 1 positional argument, got 0
Traceback (most recent call last):
  File "D:\myCode\xvideos\exception_handling.py", line 23, in wrapper
    fn(*args, **kwargs)
  File "D:/myCode/xvideos/down_group.py", line 127, in choice
    search_videos_pages()
  File "D:/myCode/xvideos/down_group.py", line 41, in search_videos_pages
    download_videos_of_one_page(url, os.path.join('02-视频搜索', search_key))
  File "D:/myCode/xvideos/down_group.py", line 26, in download_videos_of_one_page
    xvideos.download()
  File "D:\myCode\xvideos\down_one.py", line 347, in download
    self.download_video()
  File "D:\myCode\xvideos\down_one.py", line 284, in download_video
    self.pool.submit(target=self.thread_video1, kwargs={"son_ts_url": son_ts_url})
  File "C:\Users\hwr\AppData\Local\Programs\Python\Python38\lib\concurrent\futures\thread.py", line 171, in submit
    raise TypeError('submit expected at least 1 positional argument, '
TypeError: submit expected at least 1 positional argument, got 0

[2020-05-19 22:01:20,818-xvideos_log-ERROR]:
[Error in exception_handling] msg: invalid literal for int() with base 10: "25'"
Traceback (most recent call last):
  File "D:\myCode\xvideos\exception_handling.py", line 23, in wrapper
    fn(*args, **kwargs)
  File "D:/myCode/xvideos/down_group.py", line 127, in choice
    search_videos_pages()
  File "D:/myCode/xvideos/down_group.py", line 35, in search_videos_pages
    for page in range(int(n)):
ValueError: invalid literal for int() with base 10: "25'"

[2020-05-19 22:31:48,343-xvideos_log-ERROR]:
[Error in exception_handling] msg: Destination path 'D:\my\Video\newVideo\list\k型踊 003 ～アニメコスプレでフェラライブ～2.mp4' already exists
Traceback (most recent call last):
  File "D:\myCode\xvideos\exception_handling.py", line 23, in wrapper
    fn(*args, **kwargs)
  File "D:/myCode/xvideos/down_group.py", line 127, in choice
    search_videos_pages()
  File "D:/myCode/xvideos/down_group.py", line 41, in search_videos_pages
    download_videos_of_one_page(url, os.path.join('02-视频搜索', search_key))
  File "D:/myCode/xvideos/down_group.py", line 26, in download_videos_of_one_page
    xvideos.download()
  File "D:\myCode\xvideos\down_one.py", line 347, in download
    self.download_video()
  File "D:\myCode\xvideos\down_one.py", line 320, in download_video
    shutil.move(self.dir_path + "/" + self.title + '.mp4', self.mp4_path)
  File "C:\Users\hwr\AppData\Local\Programs\Python\Python38\lib\shutil.py", line 778, in move
    if os.path.exists(real_dst):            raise Error("Destination path '%s' already exists" % real_dst)
shutil.Error: Destination path 'D:\my\Video\newVideo\list\k型踊 003 ～アニメコスプレでフェラライブ～2.mp4' already exists

